[11-Jun-2023 07:10:59 UTC] PHP Parse error:  syntax error, unexpected token "}", expecting "," or ";" in C:\Users\Istvan\Local Sites\unlockwpvideo\app\public\wp-content\themes\unlock-wp-theme\index.php on line 4
[11-Jun-2023 07:10:59 UTC] PHP Parse error:  syntax error, unexpected token "}", expecting "," or ";" in C:\Users\Istvan\Local Sites\unlockwpvideo\app\public\wp-content\themes\unlock-wp-theme\index.php on line 4
[11-Jun-2023 07:11:10 UTC] PHP Parse error:  syntax error, unexpected token "}", expecting "," or ";" in C:\Users\Istvan\Local Sites\unlockwpvideo\app\public\wp-content\themes\unlock-wp-theme\index.php on line 4
[11-Jun-2023 08:29:22 UTC] PHP Parse error:  syntax error, unexpected token "<" in C:\Users\Istvan\Local Sites\unlockwpvideo\app\public\wp-content\themes\unlock-wp-theme\index.php on line 3
[11-Jun-2023 08:33:46 UTC] PHP Parse error:  syntax error, unexpected token "<" in C:\Users\Istvan\Local Sites\unlockwpvideo\app\public\wp-content\themes\unlock-wp-theme\index.php on line 3
[11-Jun-2023 08:34:29 UTC] PHP Parse error:  syntax error, unexpected token "<" in C:\Users\Istvan\Local Sites\unlockwpvideo\app\public\wp-content\themes\unlock-wp-theme\index.php on line 3
[11-Jun-2023 08:35:02 UTC] PHP Parse error:  syntax error, unexpected token "<" in C:\Users\Istvan\Local Sites\unlockwpvideo\app\public\wp-content\themes\unlock-wp-theme\index.php on line 3
[11-Jun-2023 08:35:03 UTC] PHP Parse error:  syntax error, unexpected token "<" in C:\Users\Istvan\Local Sites\unlockwpvideo\app\public\wp-content\themes\unlock-wp-theme\index.php on line 3
[11-Jun-2023 08:35:31 UTC] PHP Parse error:  Unclosed '{' on line 2 in C:\Users\Istvan\Local Sites\unlockwpvideo\app\public\wp-content\themes\unlock-wp-theme\index.php on line 5
[11-Jun-2023 08:35:59 UTC] PHP Parse error:  Unclosed '{' on line 2 in C:\Users\Istvan\Local Sites\unlockwpvideo\app\public\wp-content\themes\unlock-wp-theme\index.php on line 4
[11-Jun-2023 08:42:31 UTC] PHP Parse error:  syntax error, unexpected token "}" in C:\Users\Istvan\Local Sites\unlockwpvideo\app\public\wp-content\themes\unlock-wp-theme\index.php on line 4
[11-Jun-2023 09:00:25 UTC] PHP Parse error:  syntax error, unexpected token ";" in C:\Users\Istvan\Local Sites\unlockwpvideo\app\public\wp-content\themes\unlock-wp-theme\index.php on line 2
[11-Jun-2023 09:00:38 UTC] PHP Parse error:  syntax error, unexpected token ";" in C:\Users\Istvan\Local Sites\unlockwpvideo\app\public\wp-content\themes\unlock-wp-theme\index.php on line 2
[11-Jun-2023 09:00:40 UTC] PHP Parse error:  syntax error, unexpected token ";" in C:\Users\Istvan\Local Sites\unlockwpvideo\app\public\wp-content\themes\unlock-wp-theme\index.php on line 2
[11-Jun-2023 09:00:40 UTC] PHP Parse error:  syntax error, unexpected token ";" in C:\Users\Istvan\Local Sites\unlockwpvideo\app\public\wp-content\themes\unlock-wp-theme\index.php on line 2
[11-Jun-2023 09:08:22 UTC] PHP Fatal error:  Uncaught Error: Undefined constant "the_content" in C:\Users\Istvan\Local Sites\unlockwpvideo\app\public\wp-content\themes\unlock-wp-theme\index.php:4
Stack trace:
#0 C:\Users\Istvan\Local Sites\unlockwpvideo\app\public\wp-includes\template-loader.php(106): include()
#1 C:\Users\Istvan\Local Sites\unlockwpvideo\app\public\wp-blog-header.php(19): require_once('C:\\Users\\Istvan...')
#2 C:\Users\Istvan\Local Sites\unlockwpvideo\app\public\index.php(17): require('C:\\Users\\Istvan...')
#3 {main}
  thrown in C:\Users\Istvan\Local Sites\unlockwpvideo\app\public\wp-content\themes\unlock-wp-theme\index.php on line 4
[15-Jun-2023 17:06:11 UTC] PHP Fatal error:  Uncaught TypeError: call_user_func_array(): Argument #1 ($callback) must be a valid callback, non-static method lipsum_wli::lipsum_delete_option_value() cannot be called statically in C:\Users\Istvan\Local Sites\unlockwpvideo\app\public\wp-includes\class-wp-hook.php:308
Stack trace:
#0 C:\Users\Istvan\Local Sites\unlockwpvideo\app\public\wp-includes\class-wp-hook.php(332): WP_Hook->apply_filters('', Array)
#1 C:\Users\Istvan\Local Sites\unlockwpvideo\app\public\wp-includes\plugin.php(517): WP_Hook->do_action(Array)
#2 C:\Users\Istvan\Local Sites\unlockwpvideo\app\public\wp-admin\includes\plugin.php(1265): do_action('uninstall_lorem...')
#3 C:\Users\Istvan\Local Sites\unlockwpvideo\app\public\wp-admin\includes\plugin.php(958): uninstall_plugin('lorem-ipsum-by-...')
#4 C:\Users\Istvan\Local Sites\unlockwpvideo\app\public\wp-admin\includes\ajax-actions.php(4705): delete_plugins(Array)
#5 C:\Users\Istvan\Local Sites\unlockwpvideo\app\public\wp-includes\class-wp-hook.php(308): wp_ajax_delete_plugin('')
#6 C:\Users\Istvan\Local Sites\unlockwpvideo\app\public\wp-includes\class-wp-hook.php(332): WP_Hook->apply_filters('', Array)
#7 C:\Users\Istvan\Local Sites\unlockwpvideo\app\public\wp-includes\plugin.php(517): WP_Hook->do_action(Array)
#8 C:\Users\Istvan\Local Sites\unlockwpvideo\app\public\wp-admin\admin-ajax.php(188): do_action('wp_ajax_delete-...')
#9 {main}
  thrown in C:\Users\Istvan\Local Sites\unlockwpvideo\app\public\wp-includes\class-wp-hook.php on line 308
[15-Jun-2023 17:06:39 UTC] PHP Fatal error:  Uncaught TypeError: call_user_func_array(): Argument #1 ($callback) must be a valid callback, non-static method lipsum_wli::lipsum_delete_option_value() cannot be called statically in C:\Users\Istvan\Local Sites\unlockwpvideo\app\public\wp-includes\class-wp-hook.php:308
Stack trace:
#0 C:\Users\Istvan\Local Sites\unlockwpvideo\app\public\wp-includes\class-wp-hook.php(332): WP_Hook->apply_filters('', Array)
#1 C:\Users\Istvan\Local Sites\unlockwpvideo\app\public\wp-includes\plugin.php(517): WP_Hook->do_action(Array)
#2 C:\Users\Istvan\Local Sites\unlockwpvideo\app\public\wp-admin\includes\plugin.php(1265): do_action('uninstall_lorem...')
#3 C:\Users\Istvan\Local Sites\unlockwpvideo\app\public\wp-admin\includes\plugin.php(958): uninstall_plugin('lorem-ipsum-by-...')
#4 C:\Users\Istvan\Local Sites\unlockwpvideo\app\public\wp-admin\includes\ajax-actions.php(4705): delete_plugins(Array)
#5 C:\Users\Istvan\Local Sites\unlockwpvideo\app\public\wp-includes\class-wp-hook.php(308): wp_ajax_delete_plugin('')
#6 C:\Users\Istvan\Local Sites\unlockwpvideo\app\public\wp-includes\class-wp-hook.php(332): WP_Hook->apply_filters('', Array)
#7 C:\Users\Istvan\Local Sites\unlockwpvideo\app\public\wp-includes\plugin.php(517): WP_Hook->do_action(Array)
#8 C:\Users\Istvan\Local Sites\unlockwpvideo\app\public\wp-admin\admin-ajax.php(188): do_action('wp_ajax_delete-...')
#9 {main}
  thrown in C:\Users\Istvan\Local Sites\unlockwpvideo\app\public\wp-includes\class-wp-hook.php on line 308
[17-Jun-2023 14:55:29 UTC] PHP Parse error:  syntax error, unexpected token "}" in C:\Users\Istvan\Local Sites\unlockwpvideo\app\public\wp-content\themes\unlock-wp-theme\functions.php on line 14
[25-Jun-2023 09:07:35 UTC] PHP Parse error:  syntax error, unexpected token ")" in C:\Users\Istvan\Local Sites\unlockwpvideo\app\public\wp-content\themes\unlock-wp-theme\page.php on line 21
[25-Jun-2023 09:07:46 UTC] PHP Parse error:  syntax error, unexpected token ")" in C:\Users\Istvan\Local Sites\unlockwpvideo\app\public\wp-content\themes\unlock-wp-theme\page.php on line 21
[25-Jun-2023 09:10:36 UTC] PHP Parse error:  syntax error, unexpected token "}" in C:\Users\Istvan\Local Sites\unlockwpvideo\app\public\wp-content\themes\unlock-wp-theme\page.php on line 25
[25-Jun-2023 09:10:37 UTC] PHP Parse error:  syntax error, unexpected token "}" in C:\Users\Istvan\Local Sites\unlockwpvideo\app\public\wp-content\themes\unlock-wp-theme\page.php on line 25
[26-Jun-2023 09:27:22 UTC] PHP Parse error:  syntax error, unexpected single-quoted string "dog", expecting ")" in C:\Users\Istvan\Local Sites\unlockwpvideo\app\public\wp-content\themes\unlock-wp-theme\page.php on line 20
[26-Jun-2023 09:28:07 UTC] PHP Parse error:  syntax error, unexpected token "echo" in C:\Users\Istvan\Local Sites\unlockwpvideo\app\public\wp-content\themes\unlock-wp-theme\page.php on line 23
[26-Jun-2023 09:28:17 UTC] PHP Parse error:  syntax error, unexpected token "echo" in C:\Users\Istvan\Local Sites\unlockwpvideo\app\public\wp-content\themes\unlock-wp-theme\page.php on line 23
[26-Jun-2023 09:28:19 UTC] PHP Parse error:  syntax error, unexpected token "echo" in C:\Users\Istvan\Local Sites\unlockwpvideo\app\public\wp-content\themes\unlock-wp-theme\page.php on line 23
[26-Jun-2023 09:28:49 UTC] PHP Parse error:  syntax error, unexpected token "echo" in C:\Users\Istvan\Local Sites\unlockwpvideo\app\public\wp-content\themes\unlock-wp-theme\page.php on line 23
[26-Jun-2023 09:29:32 UTC] PHP Parse error:  syntax error, unexpected token "echo" in C:\Users\Istvan\Local Sites\unlockwpvideo\app\public\wp-content\themes\unlock-wp-theme\page.php on line 23
[26-Jun-2023 09:29:36 UTC] PHP Parse error:  syntax error, unexpected token "echo" in C:\Users\Istvan\Local Sites\unlockwpvideo\app\public\wp-content\themes\unlock-wp-theme\page.php on line 23
[26-Jun-2023 09:30:37 UTC] PHP Parse error:  syntax error, unexpected token "echo" in C:\Users\Istvan\Local Sites\unlockwpvideo\app\public\wp-content\themes\unlock-wp-theme\page.php on line 39
[26-Jun-2023 09:31:00 UTC] PHP Parse error:  syntax error, unexpected token "echo" in C:\Users\Istvan\Local Sites\unlockwpvideo\app\public\wp-content\themes\unlock-wp-theme\page.php on line 39
[26-Jun-2023 09:31:57 UTC] PHP Warning:  Undefined array key 0 in C:\Users\Istvan\Local Sites\unlockwpvideo\app\public\wp-content\themes\unlock-wp-theme\page.php on line 39
[26-Jun-2023 09:32:05 UTC] PHP Warning:  Undefined array key 0 in C:\Users\Istvan\Local Sites\unlockwpvideo\app\public\wp-content\themes\unlock-wp-theme\page.php on line 39
[26-Jun-2023 09:32:10 UTC] PHP Warning:  Undefined array key 0 in C:\Users\Istvan\Local Sites\unlockwpvideo\app\public\wp-content\themes\unlock-wp-theme\page.php on line 39
[27-Jun-2023 08:02:37 UTC] PHP Fatal error:  Uncaught Error: Undefined constant "condition" in C:\Users\Istvan\Local Sites\unlockwpvideo\app\public\wp-content\themes\unlock-wp-theme\page.php:31
Stack trace:
#0 C:\Users\Istvan\Local Sites\unlockwpvideo\app\public\wp-includes\template-loader.php(106): include()
#1 C:\Users\Istvan\Local Sites\unlockwpvideo\app\public\wp-blog-header.php(19): require_once('C:\\Users\\Istvan...')
#2 C:\Users\Istvan\Local Sites\unlockwpvideo\app\public\index.php(17): require('C:\\Users\\Istvan...')
#3 {main}
  thrown in C:\Users\Istvan\Local Sites\unlockwpvideo\app\public\wp-content\themes\unlock-wp-theme\page.php on line 31
[02-Jul-2023 03:54:33 UTC] PHP Parse error:  syntax error, unexpected token "<", expecting end of file in C:\Users\Istvan\Local Sites\unlockwpvideo\app\public\wp-content\themes\unlock-wp-theme\index.php on line 3
[02-Jul-2023 03:56:40 UTC] PHP Parse error:  syntax error, unexpected token "<", expecting end of file in C:\Users\Istvan\Local Sites\unlockwpvideo\app\public\wp-content\themes\unlock-wp-theme\index.php on line 3
[02-Jul-2023 03:56:41 UTC] PHP Parse error:  syntax error, unexpected token "<", expecting end of file in C:\Users\Istvan\Local Sites\unlockwpvideo\app\public\wp-content\themes\unlock-wp-theme\index.php on line 3
[02-Jul-2023 06:22:02 UTC] PHP Parse error:  Unclosed '{' on line 15 in C:\Users\Istvan\Local Sites\unlockwpvideo\app\public\wp-content\themes\unlock-wp-theme\index.php on line 24
[03-Jul-2023 09:34:56 UTC] Cron reschedule event error for hook: wp_version_check, Error code: could_not_set, Error message: The cron event list could not be saved., Data: {"schedule":"twicedaily","args":[],"interval":43200}
[03-Jul-2023 10:03:10 UTC] PHP Parse error:  Unclosed '{' on line 15 in C:\Users\Istvan\Local Sites\unlockwpvideo\app\public\wp-content\themes\unlock-wp-theme\index.php on line 20
[03-Jul-2023 10:03:21 UTC] PHP Parse error:  Unclosed '{' on line 15 in C:\Users\Istvan\Local Sites\unlockwpvideo\app\public\wp-content\themes\unlock-wp-theme\index.php on line 19
[03-Jul-2023 10:04:16 UTC] PHP Parse error:  syntax error, unexpected token "}", expecting "," or ";" in C:\Users\Istvan\Local Sites\unlockwpvideo\app\public\wp-content\themes\unlock-wp-theme\index.php on line 18
[03-Jul-2023 15:27:55 UTC] PHP Warning:  Undefined variable $theParent in C:\Users\Istvan\Local Sites\unlockwpvideo\app\public\wp-content\themes\unlock-wp-theme\single.php on line 18
[06-Jul-2023 15:43:40 UTC] PHP Parse error:  syntax error, unexpected token "if", expecting "," or ";" in C:\Users\Istvan\Local Sites\unlockwpvideo\app\public\wp-content\themes\unlock-wp-theme\archive.php on line 7
[06-Jul-2023 15:46:47 UTC] PHP Parse error:  syntax error, unexpected token "}", expecting "," or ";" in C:\Users\Istvan\Local Sites\unlockwpvideo\app\public\wp-content\themes\unlock-wp-theme\archive.php on line 7
[23-Jul-2023 15:23:20 UTC] PHP Parse error:  syntax error, unexpected token ";", expecting ")" in C:\Users\Istvan\Local Sites\unlockwpvideo\app\public\wp-content\themes\unlock-wp-theme\functions.php on line 20
[23-Jul-2023 15:23:22 UTC] PHP Parse error:  syntax error, unexpected token "}" in C:\Users\Istvan\Local Sites\unlockwpvideo\app\public\wp-content\themes\unlock-wp-theme\functions.php on line 22
[23-Jul-2023 15:24:18 UTC] PHP Parse error:  syntax error, unexpected token "}" in C:\Users\Istvan\Local Sites\unlockwpvideo\app\public\wp-content\themes\unlock-wp-theme\functions.php on line 22
[23-Jul-2023 15:24:44 UTC] PHP Parse error:  syntax error, unexpected token "}" in C:\Users\Istvan\Local Sites\unlockwpvideo\app\public\wp-content\themes\unlock-wp-theme\functions.php on line 22
[23-Jul-2023 15:24:47 UTC] PHP Parse error:  syntax error, unexpected token "}" in C:\Users\Istvan\Local Sites\unlockwpvideo\app\public\wp-content\themes\unlock-wp-theme\functions.php on line 22
[23-Jul-2023 15:25:03 UTC] PHP Parse error:  Unmatched '}' in C:\Users\Istvan\Local Sites\unlockwpvideo\app\public\wp-content\themes\unlock-wp-theme\functions.php on line 25
[30-Jul-2023 05:13:50 UTC] PHP Parse error:  syntax error, unexpected single-quoted string "has-archive", expecting ")" in C:\Users\heves\Local Sites\unlockwpvideo\app\public\wp-content\mu-plugins\university-post-types.php on line 7
[30-Jul-2023 05:13:51 UTC] PHP Parse error:  syntax error, unexpected single-quoted string "has-archive", expecting ")" in C:\Users\heves\Local Sites\unlockwpvideo\app\public\wp-content\mu-plugins\university-post-types.php on line 7
[30-Jul-2023 06:04:56 UTC] PHP Parse error:  syntax error, unexpected single-quoted string "rewrite", expecting ")" in C:\Users\heves\Local Sites\unlockwpvideo\app\public\wp-content\mu-plugins\university-post-types.php on line 6
[30-Jul-2023 06:04:56 UTC] PHP Parse error:  syntax error, unexpected single-quoted string "rewrite", expecting ")" in C:\Users\heves\Local Sites\unlockwpvideo\app\public\wp-content\mu-plugins\university-post-types.php on line 6
[30-Jul-2023 06:04:56 UTC] PHP Parse error:  syntax error, unexpected single-quoted string "rewrite", expecting ")" in C:\Users\heves\Local Sites\unlockwpvideo\app\public\wp-content\mu-plugins\university-post-types.php on line 6
[30-Jul-2023 06:05:05 UTC] PHP Parse error:  syntax error, unexpected single-quoted string "rewrite", expecting ")" in C:\Users\heves\Local Sites\unlockwpvideo\app\public\wp-content\mu-plugins\university-post-types.php on line 6
[02-Aug-2023 07:01:45 UTC] setting sglobal
[03-Aug-2023 15:14:14 UTC] PHP Warning:  Undefined variable $today in C:\Users\Istvan\Local Sites\unlockwpvideo\app\public\wp-content\themes\unlock-wp-theme\front-page.php on line 30
[03-Aug-2023 15:14:32 UTC] PHP Warning:  Undefined variable $today in C:\Users\Istvan\Local Sites\unlockwpvideo\app\public\wp-content\themes\unlock-wp-theme\front-page.php on line 31
[03-Aug-2023 15:15:01 UTC] PHP Parse error:  syntax error, unexpected variable "$homepageEvents" in C:\Users\Istvan\Local Sites\unlockwpvideo\app\public\wp-content\themes\unlock-wp-theme\front-page.php on line 21
[03-Aug-2023 15:15:08 UTC] PHP Parse error:  syntax error, unexpected token "," in C:\Users\Istvan\Local Sites\unlockwpvideo\app\public\wp-content\themes\unlock-wp-theme\front-page.php on line 20
[04-Aug-2023 14:54:56 UTC] PHP Parse error:  syntax error, unexpected end of file in C:\Users\Istvan\Local Sites\unlockwpvideo\app\public\wp-content\themes\unlock-wp-theme\functions.php on line 19
[04-Aug-2023 14:54:57 UTC] PHP Parse error:  syntax error, unexpected end of file in C:\Users\Istvan\Local Sites\unlockwpvideo\app\public\wp-content\themes\unlock-wp-theme\functions.php on line 19
[04-Aug-2023 14:54:57 UTC] PHP Warning:  Trying to access array offset on value of type bool in C:\Users\Istvan\Local Sites\unlockwpvideo\app\public\wp-includes\class-wp-recovery-mode-email-service.php on line 367
[04-Aug-2023 14:54:57 UTC] PHP Warning:  Trying to access array offset on value of type bool in C:\Users\Istvan\Local Sites\unlockwpvideo\app\public\wp-includes\class-wp-recovery-mode-email-service.php on line 368
[04-Aug-2023 14:54:58 UTC] PHP Parse error:  syntax error, unexpected end of file in C:\Users\Istvan\Local Sites\unlockwpvideo\app\public\wp-content\themes\unlock-wp-theme\functions.php on line 19
[04-Aug-2023 15:11:33 UTC] PHP Fatal error:  Uncaught Error: Undefined constant "is_admin" in C:\Users\Istvan\Local Sites\unlockwpvideo\app\public\wp-content\themes\unlock-wp-theme\functions.php:22
Stack trace:
#0 C:\Users\Istvan\Local Sites\unlockwpvideo\app\public\wp-includes\class-wp-hook.php(308): university_adjust_queries(Object(WP_Query))
#1 C:\Users\Istvan\Local Sites\unlockwpvideo\app\public\wp-includes\class-wp-hook.php(332): WP_Hook->apply_filters('', Array)
#2 C:\Users\Istvan\Local Sites\unlockwpvideo\app\public\wp-includes\plugin.php(565): WP_Hook->do_action(Array)
#3 C:\Users\Istvan\Local Sites\unlockwpvideo\app\public\wp-includes\class-wp-query.php(1870): do_action_ref_array('pre_get_posts', Array)
#4 C:\Users\Istvan\Local Sites\unlockwpvideo\app\public\wp-includes\class-wp-query.php(3787): WP_Query->get_posts()
#5 C:\Users\Istvan\Local Sites\unlockwpvideo\app\public\wp-includes\post.php(2417): WP_Query->query(Array)
#6 C:\Users\Istvan\Local Sites\unlockwpvideo\app\public\wp-content\plugins\advanced-custom-fields\includes\class-acf-internal-post-type.php(401): get_posts(Array)
#7 C:\Users\Istvan\Local Sites\unlockwpvideo\app\public\wp-content\plugins\advanced-custom-fields\includes\class-acf-internal-post-type.php(359): ACF_Internal_Post_Type->get_raw_posts()
#8 C:\Users\Istvan\Local Sites\unlockwpvideo\app\public\wp-content\plugins\advanced-custom-fields\includes\post-types\class-acf-taxonomy.php(126): ACF_Internal_Post_Type->get_posts(Array)
#9 C:\Users\Istvan\Local Sites\unlockwpvideo\app\public\wp-includes\class-wp-hook.php(308): ACF_Taxonomy->register_taxonomies(6)
#10 C:\Users\Istvan\Local Sites\unlockwpvideo\app\public\wp-includes\class-wp-hook.php(332): WP_Hook->apply_filters('', Array)
#11 C:\Users\Istvan\Local Sites\unlockwpvideo\app\public\wp-includes\plugin.php(517): WP_Hook->do_action(Array)
#12 C:\Users\Istvan\Local Sites\unlockwpvideo\app\public\wp-content\plugins\advanced-custom-fields\acf.php(388): do_action('acf/init', 6)
#13 C:\Users\Istvan\Local Sites\unlockwpvideo\app\public\wp-includes\class-wp-hook.php(308): ACF->init('')
#14 C:\Users\Istvan\Local Sites\unlockwpvideo\app\public\wp-includes\class-wp-hook.php(332): WP_Hook->apply_filters(NULL, Array)
#15 C:\Users\Istvan\Local Sites\unlockwpvideo\app\public\wp-includes\plugin.php(517): WP_Hook->do_action(Array)
#16 C:\Users\Istvan\Local Sites\unlockwpvideo\app\public\wp-settings.php(623): do_action('init')
#17 C:\Users\Istvan\Local Sites\unlockwpvideo\app\public\wp-config.php(108): require_once('C:\\Users\\Istvan...')
#18 C:\Users\Istvan\Local Sites\unlockwpvideo\app\public\wp-load.php(50): require_once('C:\\Users\\Istvan...')
#19 C:\Users\Istvan\Local Sites\unlockwpvideo\app\public\wp-blog-header.php(13): require_once('C:\\Users\\Istvan...')
#20 C:\Users\Istvan\Local Sites\unlockwpvideo\app\public\index.php(17): require('C:\\Users\\Istvan...')
#21 {main}
  thrown in C:\Users\Istvan\Local Sites\unlockwpvideo\app\public\wp-content\themes\unlock-wp-theme\functions.php on line 22
[04-Aug-2023 15:11:34 UTC] PHP Fatal error:  Uncaught Error: Undefined constant "is_admin" in C:\Users\Istvan\Local Sites\unlockwpvideo\app\public\wp-content\themes\unlock-wp-theme\functions.php:22
Stack trace:
#0 C:\Users\Istvan\Local Sites\unlockwpvideo\app\public\wp-includes\class-wp-hook.php(308): university_adjust_queries(Object(WP_Query))
#1 C:\Users\Istvan\Local Sites\unlockwpvideo\app\public\wp-includes\class-wp-hook.php(332): WP_Hook->apply_filters('', Array)
#2 C:\Users\Istvan\Local Sites\unlockwpvideo\app\public\wp-includes\plugin.php(565): WP_Hook->do_action(Array)
#3 C:\Users\Istvan\Local Sites\unlockwpvideo\app\public\wp-includes\class-wp-query.php(1870): do_action_ref_array('pre_get_posts', Array)
#4 C:\Users\Istvan\Local Sites\unlockwpvideo\app\public\wp-includes\class-wp-query.php(3787): WP_Query->get_posts()
#5 C:\Users\Istvan\Local Sites\unlockwpvideo\app\public\wp-includes\post.php(2417): WP_Query->query(Array)
#6 C:\Users\Istvan\Local Sites\unlockwpvideo\app\public\wp-content\plugins\advanced-custom-fields\includes\class-acf-internal-post-type.php(401): get_posts(Array)
#7 C:\Users\Istvan\Local Sites\unlockwpvideo\app\public\wp-content\plugins\advanced-custom-fields\includes\class-acf-internal-post-type.php(359): ACF_Internal_Post_Type->get_raw_posts()
#8 C:\Users\Istvan\Local Sites\unlockwpvideo\app\public\wp-content\plugins\advanced-custom-fields\includes\post-types\class-acf-taxonomy.php(126): ACF_Internal_Post_Type->get_posts(Array)
#9 C:\Users\Istvan\Local Sites\unlockwpvideo\app\public\wp-includes\class-wp-hook.php(308): ACF_Taxonomy->register_taxonomies(6)
#10 C:\Users\Istvan\Local Sites\unlockwpvideo\app\public\wp-includes\class-wp-hook.php(332): WP_Hook->apply_filters('', Array)
#11 C:\Users\Istvan\Local Sites\unlockwpvideo\app\public\wp-includes\plugin.php(517): WP_Hook->do_action(Array)
#12 C:\Users\Istvan\Local Sites\unlockwpvideo\app\public\wp-content\plugins\advanced-custom-fields\acf.php(388): do_action('acf/init', 6)
#13 C:\Users\Istvan\Local Sites\unlockwpvideo\app\public\wp-includes\class-wp-hook.php(308): ACF->init('')
#14 C:\Users\Istvan\Local Sites\unlockwpvideo\app\public\wp-includes\class-wp-hook.php(332): WP_Hook->apply_filters(NULL, Array)
#15 C:\Users\Istvan\Local Sites\unlockwpvideo\app\public\wp-includes\plugin.php(517): WP_Hook->do_action(Array)
#16 C:\Users\Istvan\Local Sites\unlockwpvideo\app\public\wp-settings.php(623): do_action('init')
#17 C:\Users\Istvan\Local Sites\unlockwpvideo\app\public\wp-config.php(108): require_once('C:\\Users\\Istvan...')
#18 C:\Users\Istvan\Local Sites\unlockwpvideo\app\public\wp-load.php(50): require_once('C:\\Users\\Istvan...')
#19 C:\Users\Istvan\Local Sites\unlockwpvideo\app\public\wp-admin\admin.php(34): require_once('C:\\Users\\Istvan...')
#20 C:\Users\Istvan\Local Sites\unlockwpvideo\app\public\wp-admin\post.php(12): require_once('C:\\Users\\Istvan...')
#21 {main}
  thrown in C:\Users\Istvan\Local Sites\unlockwpvideo\app\public\wp-content\themes\unlock-wp-theme\functions.php on line 22
[04-Aug-2023 15:11:34 UTC] PHP Fatal error:  Uncaught Error: Undefined constant "is_admin" in C:\Users\Istvan\Local Sites\unlockwpvideo\app\public\wp-content\themes\unlock-wp-theme\functions.php:22
Stack trace:
#0 C:\Users\Istvan\Local Sites\unlockwpvideo\app\public\wp-includes\class-wp-hook.php(308): university_adjust_queries(Object(WP_Query))
#1 C:\Users\Istvan\Local Sites\unlockwpvideo\app\public\wp-includes\class-wp-hook.php(332): WP_Hook->apply_filters('', Array)
#2 C:\Users\Istvan\Local Sites\unlockwpvideo\app\public\wp-includes\plugin.php(565): WP_Hook->do_action(Array)
#3 C:\Users\Istvan\Local Sites\unlockwpvideo\app\public\wp-includes\class-wp-query.php(1870): do_action_ref_array('pre_get_posts', Array)
#4 C:\Users\Istvan\Local Sites\unlockwpvideo\app\public\wp-includes\class-wp-query.php(3787): WP_Query->get_posts()
#5 C:\Users\Istvan\Local Sites\unlockwpvideo\app\public\wp-includes\post.php(2417): WP_Query->query(Array)
#6 C:\Users\Istvan\Local Sites\unlockwpvideo\app\public\wp-content\plugins\advanced-custom-fields\includes\class-acf-internal-post-type.php(401): get_posts(Array)
#7 C:\Users\Istvan\Local Sites\unlockwpvideo\app\public\wp-content\plugins\advanced-custom-fields\includes\class-acf-internal-post-type.php(359): ACF_Internal_Post_Type->get_raw_posts()
#8 C:\Users\Istvan\Local Sites\unlockwpvideo\app\public\wp-content\plugins\advanced-custom-fields\includes\post-types\class-acf-taxonomy.php(126): ACF_Internal_Post_Type->get_posts(Array)
#9 C:\Users\Istvan\Local Sites\unlockwpvideo\app\public\wp-includes\class-wp-hook.php(308): ACF_Taxonomy->register_taxonomies(6)
#10 C:\Users\Istvan\Local Sites\unlockwpvideo\app\public\wp-includes\class-wp-hook.php(332): WP_Hook->apply_filters('', Array)
#11 C:\Users\Istvan\Local Sites\unlockwpvideo\app\public\wp-includes\plugin.php(517): WP_Hook->do_action(Array)
#12 C:\Users\Istvan\Local Sites\unlockwpvideo\app\public\wp-content\plugins\advanced-custom-fields\acf.php(388): do_action('acf/init', 6)
#13 C:\Users\Istvan\Local Sites\unlockwpvideo\app\public\wp-includes\class-wp-hook.php(308): ACF->init('')
#14 C:\Users\Istvan\Local Sites\unlockwpvideo\app\public\wp-includes\class-wp-hook.php(332): WP_Hook->apply_filters(NULL, Array)
#15 C:\Users\Istvan\Local Sites\unlockwpvideo\app\public\wp-includes\plugin.php(517): WP_Hook->do_action(Array)
#16 C:\Users\Istvan\Local Sites\unlockwpvideo\app\public\wp-settings.php(623): do_action('init')
#17 C:\Users\Istvan\Local Sites\unlockwpvideo\app\public\wp-config.php(108): require_once('C:\\Users\\Istvan...')
#18 C:\Users\Istvan\Local Sites\unlockwpvideo\app\public\wp-load.php(50): require_once('C:\\Users\\Istvan...')
#19 C:\Users\Istvan\Local Sites\unlockwpvideo\app\public\wp-admin\admin-ajax.php(22): require_once('C:\\Users\\Istvan...')
#20 {main}
  thrown in C:\Users\Istvan\Local Sites\unlockwpvideo\app\public\wp-content\themes\unlock-wp-theme\functions.php on line 22
[04-Aug-2023 15:12:47 UTC] PHP Parse error:  syntax error, unexpected token "}" in C:\Users\Istvan\Local Sites\unlockwpvideo\app\public\wp-content\themes\unlock-wp-theme\functions.php on line 24
[04-Aug-2023 15:12:49 UTC] PHP Parse error:  syntax error, unexpected token "}" in C:\Users\Istvan\Local Sites\unlockwpvideo\app\public\wp-content\themes\unlock-wp-theme\functions.php on line 24
[04-Aug-2023 15:12:49 UTC] PHP Parse error:  syntax error, unexpected token "}" in C:\Users\Istvan\Local Sites\unlockwpvideo\app\public\wp-content\themes\unlock-wp-theme\functions.php on line 24
[05-Aug-2023 08:09:38 UTC] PHP Parse error:  syntax error, unexpected token "=>" in C:\Users\Istvan\Local Sites\unlockwpvideo\app\public\wp-content\themes\unlock-wp-theme\functions.php on line 24
[05-Aug-2023 08:10:06 UTC] PHP Parse error:  syntax error, unexpected token "=>" in C:\Users\Istvan\Local Sites\unlockwpvideo\app\public\wp-content\themes\unlock-wp-theme\functions.php on line 26
[05-Aug-2023 08:10:11 UTC] PHP Parse error:  syntax error, unexpected token "=>" in C:\Users\Istvan\Local Sites\unlockwpvideo\app\public\wp-content\themes\unlock-wp-theme\functions.php on line 25
[05-Aug-2023 08:10:50 UTC] PHP Parse error:  syntax error, unexpected token "=>", expecting ")" in C:\Users\Istvan\Local Sites\unlockwpvideo\app\public\wp-content\themes\unlock-wp-theme\functions.php on line 25
